{"hypothesisId": "H1", "location": "file_watcher.py:on_created", "message": "event received", "data": {"src_path": "C:\\Users\\Thermacam\\Desktop\\TETS\\9908_01_20251211121547379_1869411_1_P1.jpg", "is_directory": false}, "timestamp": "2025-12-18T03:02:25.815165"}
{"hypothesisId": "H4", "location": "file_watcher.py:on_created", "message": "ctime check", "data": {"file_ctime": "2025-12-18T03:02:25.809867", "start_time": "2025-12-18T03:02:15.018969", "is_old": false}, "timestamp": "2025-12-18T03:02:25.816175"}
{"hypothesisId": "H5", "location": "file_watcher.py:on_created", "message": "calling callback", "data": {"file": "9908_01_20251211121547379_1869411_1_P1.jpg"}, "timestamp": "2025-12-18T03:02:25.818699"}
{"hypothesisId": "H1", "location": "file_watcher.py:on_created", "message": "event received", "data": {"src_path": "C:\\Users\\Thermacam\\Desktop\\TETS\\9908_01_20251211121552987_6657626_1_P1.jpg", "is_directory": false}, "timestamp": "2025-12-18T03:02:49.074942"}
{"hypothesisId": "H4", "location": "file_watcher.py:on_created", "message": "ctime check", "data": {"file_ctime": "2025-12-18T03:02:49.074943", "start_time": "2025-12-18T03:02:15.018969", "is_old": false}, "timestamp": "2025-12-18T03:02:49.159653"}
{"hypothesisId": "H5", "location": "file_watcher.py:on_created", "message": "calling callback", "data": {"file": "9908_01_20251211121552987_6657626_1_P1.jpg"}, "timestamp": "2025-12-18T03:02:49.165800"}
{"hypothesisId": "H1", "location": "file_watcher.py:on_created", "message": "event received", "data": {"src_path": "C:\\Users\\Thermacam\\Desktop\\TETS\\9908_01_20251211121555928_77505711_1_P1.jpg", "is_directory": false}, "timestamp": "2025-12-18T03:03:13.941074"}
{"hypothesisId": "H4", "location": "file_watcher.py:on_created", "message": "ctime check", "data": {"file_ctime": "2025-12-18T03:03:13.941074", "start_time": "2025-12-18T03:02:15.018969", "is_old": false}, "timestamp": "2025-12-18T03:03:13.941074"}
{"hypothesisId": "H5", "location": "file_watcher.py:on_created", "message": "calling callback", "data": {"file": "9908_01_20251211121555928_77505711_1_P1.jpg"}, "timestamp": "2025-12-18T03:03:13.941074"}
{"hypothesisId": "H1", "location": "file_watcher.py:on_created", "message": "event received", "data": {"src_path": "C:\\Users\\Thermacam\\Desktop\\TETS\\9908_01_20251211121555928_77505711_1_P1.jpg", "is_directory": false}, "timestamp": "2025-12-18T03:03:46.574694"}
{"hypothesisId": "H3", "location": "file_watcher.py:on_created", "message": "already processed", "data": {"path": "C:\\Users\\Thermacam\\Desktop\\TETS\\9908_01_20251211121555928_77505711_1_P1.jpg"}, "timestamp": "2025-12-18T03:03:46.574694"}
{"hypothesisId": "H1", "location": "file_watcher.py:on_created", "message": "event received", "data": {"src_path": "C:\\Users\\Thermacam\\Desktop\\TETS\\9908_01_20251211121610477_8177086_1_P1.jpg", "is_directory": false}, "timestamp": "2025-12-18T03:04:00.206210"}
{"hypothesisId": "H4", "location": "file_watcher.py:on_created", "message": "ctime check", "data": {"file_ctime": "2025-12-18T03:04:00.196722", "start_time": "2025-12-18T03:02:15.018969", "is_old": false}, "timestamp": "2025-12-18T03:04:00.208684"}
{"hypothesisId": "H5", "location": "file_watcher.py:on_created", "message": "calling callback", "data": {"file": "9908_01_20251211121610477_8177086_1_P1.jpg"}, "timestamp": "2025-12-18T03:04:00.208684"}
{"hypothesisId": "H1", "location": "file_watcher.py:on_created", "message": "event received", "data": {"src_path": "C:\\Users\\Thermacam\\Desktop\\TETS\\9908_01_20251211123721169_15252604_1_P1.jpg", "is_directory": false}, "timestamp": "2025-12-18T03:04:33.687085"}
{"hypothesisId": "H4", "location": "file_watcher.py:on_created", "message": "ctime check", "data": {"file_ctime": "2025-12-18T03:04:33.687085", "start_time": "2025-12-18T03:02:15.018969", "is_old": false}, "timestamp": "2025-12-18T03:04:33.687085"}
{"hypothesisId": "H5", "location": "file_watcher.py:on_created", "message": "calling callback", "data": {"file": "9908_01_20251211123721169_15252604_1_P1.jpg"}, "timestamp": "2025-12-18T03:04:33.687085"}
{"hypothesisId": "H1", "location": "file_watcher.py:on_created", "message": "event received", "data": {"src_path": "C:\\Users\\Thermacam\\Desktop\\TETS\\8374d678-beed-496a-852c-2e511ff49923.jpg", "is_directory": false}, "timestamp": "2025-12-18T03:05:08.792319"}
{"hypothesisId": "H4", "location": "file_watcher.py:on_created", "message": "ctime check", "data": {"file_ctime": "2025-12-18T03:05:08.792320", "start_time": "2025-12-18T03:02:15.018969", "is_old": false}, "timestamp": "2025-12-18T03:05:08.800656"}
{"hypothesisId": "H5", "location": "file_watcher.py:on_created", "message": "calling callback", "data": {"file": "8374d678-beed-496a-852c-2e511ff49923.jpg"}, "timestamp": "2025-12-18T03:05:08.800656"}
{"hypothesisId": "H1", "location": "file_watcher.py:on_created", "message": "event received", "data": {"src_path": "C:\\Users\\Thermacam\\Desktop\\TETS\\9908_01_20251211124100587_86102702_1_P1.jpg", "is_directory": false}, "timestamp": "2025-12-18T03:06:26.647408"}
{"hypothesisId": "H4", "location": "file_watcher.py:on_created", "message": "ctime check", "data": {"file_ctime": "2025-12-18T03:06:26.644816", "start_time": "2025-12-18T03:02:15.018969", "is_old": false}, "timestamp": "2025-12-18T03:06:26.648446"}
{"hypothesisId": "H5", "location": "file_watcher.py:on_created", "message": "calling callback", "data": {"file": "9908_01_20251211124100587_86102702_1_P1.jpg"}, "timestamp": "2025-12-18T03:06:26.648446"}
{"hypothesisId": "H1", "location": "file_watcher.py:on_created", "message": "event received", "data": {"src_path": "C:\\Users\\Thermacam\\Desktop\\TETS\\9908_01_20251211124234427_5268153_1_P1.jpg", "is_directory": false}, "timestamp": "2025-12-18T03:08:51.864924"}
{"hypothesisId": "H4", "location": "file_watcher.py:on_created", "message": "ctime check", "data": {"file_ctime": "2025-12-18T03:08:51.864924", "start_time": "2025-12-18T03:02:15.018969", "is_old": false}, "timestamp": "2025-12-18T03:08:51.874500"}
{"hypothesisId": "H5", "location": "file_watcher.py:on_created", "message": "calling callback", "data": {"file": "9908_01_20251211124234427_5268153_1_P1.jpg"}, "timestamp": "2025-12-18T03:08:51.875507"}
{"hypothesisId": "H1", "location": "file_watcher.py:on_created", "message": "event received", "data": {"src_path": "C:\\Users\\Thermacam\\Desktop\\TETS\\9908_01_20251211124343715_5268153_1_P1.jpg", "is_directory": false}, "timestamp": "2025-12-18T03:10:25.623488"}
{"hypothesisId": "H4", "location": "file_watcher.py:on_created", "message": "ctime check", "data": {"file_ctime": "2025-12-18T03:10:25.623488", "start_time": "2025-12-18T03:02:15.018969", "is_old": false}, "timestamp": "2025-12-18T03:10:25.623488"}
{"hypothesisId": "H5", "location": "file_watcher.py:on_created", "message": "calling callback", "data": {"file": "9908_01_20251211124343715_5268153_1_P1.jpg"}, "timestamp": "2025-12-18T03:10:25.623488"}
{"hypothesisId": "H1", "location": "file_watcher.py:on_created", "message": "event received", "data": {"src_path": "C:\\Users\\Thermacam\\Desktop\\TETS\\9908_01_20251211124421079_87719802_1_P1.jpg", "is_directory": false}, "timestamp": "2025-12-18T03:11:52.040944"}
{"hypothesisId": "H4", "location": "file_watcher.py:on_created", "message": "ctime check", "data": {"file_ctime": "2025-12-18T03:11:52.040944", "start_time": "2025-12-18T03:02:15.018969", "is_old": false}, "timestamp": "2025-12-18T03:11:52.040944"}
{"hypothesisId": "H5", "location": "file_watcher.py:on_created", "message": "calling callback", "data": {"file": "9908_01_20251211124421079_87719802_1_P1.jpg"}, "timestamp": "2025-12-18T03:11:52.040944"}
{"hypothesisId": "H1", "location": "file_watcher.py:on_created", "message": "event received", "data": {"src_path": "C:\\Users\\Thermacam\\Desktop\\TETS\\9908_01_20251211125430958_79961103_1_P1.jpg", "is_directory": false}, "timestamp": "2025-12-18T03:12:29.132442"}
{"hypothesisId": "H4", "location": "file_watcher.py:on_created", "message": "ctime check", "data": {"file_ctime": "2025-12-18T03:12:29.130193", "start_time": "2025-12-18T03:02:15.018969", "is_old": false}, "timestamp": "2025-12-18T03:12:29.133605"}
{"hypothesisId": "H5", "location": "file_watcher.py:on_created", "message": "calling callback", "data": {"file": "9908_01_20251211125430958_79961103_1_P1.jpg"}, "timestamp": "2025-12-18T03:12:29.136337"}
{"hypothesisId": "H1", "location": "file_watcher.py:on_created", "message": "event received", "data": {"src_path": "C:\\Users\\Thermacam\\Desktop\\TETS\\9908_01_20251211125510783_5082334_1_P1.jpg", "is_directory": false}, "timestamp": "2025-12-18T03:12:49.724791"}
{"hypothesisId": "H4", "location": "file_watcher.py:on_created", "message": "ctime check", "data": {"file_ctime": "2025-12-18T03:12:49.724791", "start_time": "2025-12-18T03:02:15.018969", "is_old": false}, "timestamp": "2025-12-18T03:12:49.736248"}
{"hypothesisId": "H5", "location": "file_watcher.py:on_created", "message": "calling callback", "data": {"file": "9908_01_20251211125510783_5082334_1_P1.jpg"}, "timestamp": "2025-12-18T03:12:49.738496"}
{"hypothesisId": "H1", "location": "file_watcher.py:on_created", "message": "event received", "data": {"src_path": "C:\\Users\\Thermacam\\Desktop\\TETS\\9908_01_20251211125552370_79961103_1_P1.jpg", "is_directory": false}, "timestamp": "2025-12-18T03:13:20.848078"}
{"hypothesisId": "H4", "location": "file_watcher.py:on_created", "message": "ctime check", "data": {"file_ctime": "2025-12-18T03:13:20.848078", "start_time": "2025-12-18T03:02:15.018969", "is_old": false}, "timestamp": "2025-12-18T03:13:20.859398"}
{"hypothesisId": "H5", "location": "file_watcher.py:on_created", "message": "calling callback", "data": {"file": "9908_01_20251211125552370_79961103_1_P1.jpg"}, "timestamp": "2025-12-18T03:13:20.861998"}
{"location":"index.html:WS_MESSAGE","message":"WebSocket message received","data":{"type":"status_update"},"timestamp":1766028053510,"sessionId":"debug-session","hypothesisId":"C"}
{"location":"index.html:WS_MESSAGE","message":"WebSocket message received","data":{"type":"new_event","eventStatus":"VERIFIED"},"timestamp":1766028053630,"sessionId":"debug-session","hypothesisId":"C"}
{"location":"index.html:WS_MESSAGE","message":"WebSocket message received","data":{"type":"new_event","eventStatus":"VERIFIED"},"timestamp":1766028053631,"sessionId":"debug-session","hypothesisId":"C"}
{"location":"index.html:WS_MESSAGE","message":"WebSocket message received","data":{"type":"new_event","eventStatus":"VERIFIED"},"timestamp":1766028053632,"sessionId":"debug-session","hypothesisId":"C"}
{"location":"index.html:WS_MESSAGE","message":"WebSocket message received","data":{"type":"new_event","eventStatus":"VERIFIED"},"timestamp":1766028053618,"sessionId":"debug-session","hypothesisId":"C"}
{"location":"index.html:WS_MESSAGE","message":"WebSocket message received","data":{"type":"new_event","eventStatus":"VERIFIED"},"timestamp":1766028053630,"sessionId":"debug-session","hypothesisId":"C"}
{"location":"index.html:WS_MESSAGE","message":"WebSocket message received","data":{"type":"new_event","eventStatus":"VERIFIED"},"timestamp":1766028053634,"sessionId":"debug-session","hypothesisId":"C"}
{"location":"index.html:WS_MESSAGE","message":"WebSocket message received","data":{"type":"new_event","eventStatus":"VERIFIED"},"timestamp":1766028053635,"sessionId":"debug-session","hypothesisId":"C"}
{"location":"index.html:WS_MESSAGE","message":"WebSocket message received","data":{"type":"stats_update"},"timestamp":1766028053545,"sessionId":"debug-session","hypothesisId":"C"}
{"location":"index.html:WS_MESSAGE","message":"WebSocket message received","data":{"type":"new_event","eventStatus":"VERIFIED"},"timestamp":1766028053585,"sessionId":"debug-session","hypothesisId":"C"}
{"location":"index.html:WS_MESSAGE","message":"WebSocket message received","data":{"type":"new_event","eventStatus":"VERIFIED"},"timestamp":1766028053616,"sessionId":"debug-session","hypothesisId":"C"}
{"location":"index.html:WS_MESSAGE","message":"WebSocket message received","data":{"type":"new_event","eventStatus":"VERIFIED"},"timestamp":1766028053617,"sessionId":"debug-session","hypothesisId":"C"}
{"location":"index.html:WS_MESSAGE","message":"WebSocket message received","data":{"type":"new_event","eventStatus":"VERIFIED"},"timestamp":1766028053618,"sessionId":"debug-session","hypothesisId":"C"}
{"location":"index.html:WS_MESSAGE","message":"WebSocket message received","data":{"type":"new_event","eventStatus":"VERIFIED"},"timestamp":1766028053629,"sessionId":"debug-session","hypothesisId":"C"}
{"location":"index.html:WS_MESSAGE","message":"WebSocket message received","data":{"type":"new_event","eventStatus":"VERIFIED"},"timestamp":1766028053629,"sessionId":"debug-session","hypothesisId":"C"}
{"location":"index.html:WS_MESSAGE","message":"WebSocket message received","data":{"type":"new_event","eventStatus":"VERIFIED"},"timestamp":1766028053629,"sessionId":"debug-session","hypothesisId":"C"}
{"location":"index.html:WS_MESSAGE","message":"WebSocket message received","data":{"type":"new_event","eventStatus":"VERIFIED"},"timestamp":1766028053630,"sessionId":"debug-session","hypothesisId":"C"}
{"location":"index.html:WS_MESSAGE","message":"WebSocket message received","data":{"type":"new_event","eventStatus":"VERIFIED"},"timestamp":1766028053637,"sessionId":"debug-session","hypothesisId":"C"}
{"location":"index.html:WS_MESSAGE","message":"WebSocket message received","data":{"type":"new_event","eventStatus":"VERIFIED"},"timestamp":1766028053639,"sessionId":"debug-session","hypothesisId":"C"}
{"location":"index.html:WS_MESSAGE","message":"WebSocket message received","data":{"type":"new_event","eventStatus":"VERIFIED"},"timestamp":1766028053640,"sessionId":"debug-session","hypothesisId":"C"}
{"location":"index.html:WS_MESSAGE","message":"WebSocket message received","data":{"type":"new_event","eventStatus":"VERIFIED"},"timestamp":1766028053641,"sessionId":"debug-session","hypothesisId":"C"}
{"location":"index.html:WS_MESSAGE","message":"WebSocket message received","data":{"type":"new_event","eventStatus":"VERIFIED"},"timestamp":1766028053642,"sessionId":"debug-session","hypothesisId":"C"}
{"location":"index.html:CLEAR_CLICK","message":"CLEAR button clicked","data":{"eventsCount":2,"eventStatuses":["VERIFIED","VERIFIED"]},"timestamp":1766028056621,"sessionId":"debug-session","hypothesisId":"A,B"}
{"location":"index.html:CLEAR_FILTER","message":"After filtering","data":{"beforeCount":2,"afterCount":0,"keptStatuses":[]},"timestamp":1766028056624,"sessionId":"debug-session","hypothesisId":"B"}
{"location":"index.html:WS_MESSAGE","message":"WebSocket message received","data":{"type":"status_update"},"timestamp":1766028059525,"sessionId":"debug-session","hypothesisId":"C"}
{"location":"index.html:WS_MESSAGE","message":"WebSocket message received","data":{"type":"stats_update"},"timestamp":1766028059564,"sessionId":"debug-session","hypothesisId":"C"}
{"location":"index.html:WS_MESSAGE","message":"WebSocket message received","data":{"type":"new_event","eventStatus":"VERIFIED"},"timestamp":1766028059568,"sessionId":"debug-session","hypothesisId":"C"}
{"location":"index.html:WS_MESSAGE","message":"WebSocket message received","data":{"type":"new_event","eventStatus":"VERIFIED"},"timestamp":1766028059569,"sessionId":"debug-session","hypothesisId":"C"}
{"location":"index.html:WS_MESSAGE","message":"WebSocket message received","data":{"type":"new_event","eventStatus":"VERIFIED"},"timestamp":1766028059570,"sessionId":"debug-session","hypothesisId":"C"}
{"location":"index.html:WS_MESSAGE","message":"WebSocket message received","data":{"type":"new_event","eventStatus":"VERIFIED"},"timestamp":1766028059571,"sessionId":"debug-session","hypothesisId":"C"}
{"location":"index.html:WS_MESSAGE","message":"WebSocket message received","data":{"type":"new_event","eventStatus":"VERIFIED"},"timestamp":1766028059572,"sessionId":"debug-session","hypothesisId":"C"}
{"location":"index.html:WS_MESSAGE","message":"WebSocket message received","data":{"type":"new_event","eventStatus":"VERIFIED"},"timestamp":1766028059572,"sessionId":"debug-session","hypothesisId":"C"}
{"location":"index.html:WS_MESSAGE","message":"WebSocket message received","data":{"type":"new_event","eventStatus":"VERIFIED"},"timestamp":1766028059573,"sessionId":"debug-session","hypothesisId":"C"}
{"location":"index.html:WS_MESSAGE","message":"WebSocket message received","data":{"type":"new_event","eventStatus":"VERIFIED"},"timestamp":1766028059574,"sessionId":"debug-session","hypothesisId":"C"}
{"location":"index.html:WS_MESSAGE","message":"WebSocket message received","data":{"type":"new_event","eventStatus":"VERIFIED"},"timestamp":1766028059575,"sessionId":"debug-session","hypothesisId":"C"}
{"location":"index.html:WS_MESSAGE","message":"WebSocket message received","data":{"type":"new_event","eventStatus":"VERIFIED"},"timestamp":1766028059575,"sessionId":"debug-session","hypothesisId":"C"}
{"location":"index.html:WS_MESSAGE","message":"WebSocket message received","data":{"type":"new_event","eventStatus":"VERIFIED"},"timestamp":1766028059576,"sessionId":"debug-session","hypothesisId":"C"}
{"location":"index.html:WS_MESSAGE","message":"WebSocket message received","data":{"type":"new_event","eventStatus":"VERIFIED"},"timestamp":1766028059577,"sessionId":"debug-session","hypothesisId":"C"}
{"location":"index.html:WS_MESSAGE","message":"WebSocket message received","data":{"type":"new_event","eventStatus":"VERIFIED"},"timestamp":1766028059578,"sessionId":"debug-session","hypothesisId":"C"}
{"location":"index.html:WS_MESSAGE","message":"WebSocket message received","data":{"type":"new_event","eventStatus":"VERIFIED"},"timestamp":1766028059579,"sessionId":"debug-session","hypothesisId":"C"}
{"location":"index.html:WS_MESSAGE","message":"WebSocket message received","data":{"type":"new_event","eventStatus":"VERIFIED"},"timestamp":1766028059579,"sessionId":"debug-session","hypothesisId":"C"}
{"location":"index.html:WS_MESSAGE","message":"WebSocket message received","data":{"type":"new_event","eventStatus":"VERIFIED"},"timestamp":1766028059580,"sessionId":"debug-session","hypothesisId":"C"}
{"location":"index.html:WS_MESSAGE","message":"WebSocket message received","data":{"type":"new_event","eventStatus":"VERIFIED"},"timestamp":1766028059581,"sessionId":"debug-session","hypothesisId":"C"}
{"location":"index.html:WS_MESSAGE","message":"WebSocket message received","data":{"type":"new_event","eventStatus":"VERIFIED"},"timestamp":1766028059583,"sessionId":"debug-session","hypothesisId":"C"}
{"location":"index.html:WS_MESSAGE","message":"WebSocket message received","data":{"type":"new_event","eventStatus":"VERIFIED"},"timestamp":1766028059585,"sessionId":"debug-session","hypothesisId":"C"}
{"location":"index.html:WS_MESSAGE","message":"WebSocket message received","data":{"type":"new_event","eventStatus":"VERIFIED"},"timestamp":1766028059587,"sessionId":"debug-session","hypothesisId":"C"}
{"location":"index.html:WS_MESSAGE","message":"WebSocket message received","data":{"type":"status_update"},"timestamp":1766028072855,"sessionId":"debug-session","hypothesisId":"C"}
{"location":"index.html:WS_MESSAGE","message":"WebSocket message received","data":{"type":"stats_update"},"timestamp":1766028072896,"sessionId":"debug-session","hypothesisId":"C"}
{"location":"index.html:WS_MESSAGE","message":"WebSocket message received","data":{"type":"new_event","eventStatus":"VERIFIED"},"timestamp":1766028072900,"sessionId":"debug-session","hypothesisId":"C"}
{"location":"index.html:WS_MESSAGE","message":"WebSocket message received","data":{"type":"new_event","eventStatus":"VERIFIED"},"timestamp":1766028072901,"sessionId":"debug-session","hypothesisId":"C"}
{"location":"index.html:WS_MESSAGE","message":"WebSocket message received","data":{"type":"new_event","eventStatus":"VERIFIED"},"timestamp":1766028072902,"sessionId":"debug-session","hypothesisId":"C"}
{"location":"index.html:WS_MESSAGE","message":"WebSocket message received","data":{"type":"new_event","eventStatus":"VERIFIED"},"timestamp":1766028072903,"sessionId":"debug-session","hypothesisId":"C"}
{"location":"index.html:WS_MESSAGE","message":"WebSocket message received","data":{"type":"new_event","eventStatus":"VERIFIED"},"timestamp":1766028072905,"sessionId":"debug-session","hypothesisId":"C"}
{"location":"index.html:WS_MESSAGE","message":"WebSocket message received","data":{"type":"new_event","eventStatus":"VERIFIED"},"timestamp":1766028072907,"sessionId":"debug-session","hypothesisId":"C"}
{"location":"index.html:WS_MESSAGE","message":"WebSocket message received","data":{"type":"new_event","eventStatus":"VERIFIED"},"timestamp":1766028072908,"sessionId":"debug-session","hypothesisId":"C"}
{"location":"index.html:WS_MESSAGE","message":"WebSocket message received","data":{"type":"new_event","eventStatus":"VERIFIED"},"timestamp":1766028072909,"sessionId":"debug-session","hypothesisId":"C"}
{"location":"index.html:WS_MESSAGE","message":"WebSocket message received","data":{"type":"new_event","eventStatus":"VERIFIED"},"timestamp":1766028072910,"sessionId":"debug-session","hypothesisId":"C"}
{"location":"index.html:WS_MESSAGE","message":"WebSocket message received","data":{"type":"new_event","eventStatus":"VERIFIED"},"timestamp":1766028072911,"sessionId":"debug-session","hypothesisId":"C"}
{"location":"index.html:WS_MESSAGE","message":"WebSocket message received","data":{"type":"new_event","eventStatus":"VERIFIED"},"timestamp":1766028072912,"sessionId":"debug-session","hypothesisId":"C"}
{"location":"index.html:WS_MESSAGE","message":"WebSocket message received","data":{"type":"new_event","eventStatus":"VERIFIED"},"timestamp":1766028072913,"sessionId":"debug-session","hypothesisId":"C"}
{"location":"index.html:WS_MESSAGE","message":"WebSocket message received","data":{"type":"new_event","eventStatus":"VERIFIED"},"timestamp":1766028072914,"sessionId":"debug-session","hypothesisId":"C"}
{"location":"index.html:WS_MESSAGE","message":"WebSocket message received","data":{"type":"new_event","eventStatus":"VERIFIED"},"timestamp":1766028072915,"sessionId":"debug-session","hypothesisId":"C"}
{"location":"index.html:WS_MESSAGE","message":"WebSocket message received","data":{"type":"new_event","eventStatus":"VERIFIED"},"timestamp":1766028072915,"sessionId":"debug-session","hypothesisId":"C"}
{"location":"index.html:WS_MESSAGE","message":"WebSocket message received","data":{"type":"new_event","eventStatus":"VERIFIED"},"timestamp":1766028072916,"sessionId":"debug-session","hypothesisId":"C"}
{"location":"index.html:WS_MESSAGE","message":"WebSocket message received","data":{"type":"new_event","eventStatus":"VERIFIED"},"timestamp":1766028072917,"sessionId":"debug-session","hypothesisId":"C"}
{"location":"index.html:WS_MESSAGE","message":"WebSocket message received","data":{"type":"new_event","eventStatus":"VERIFIED"},"timestamp":1766028072918,"sessionId":"debug-session","hypothesisId":"C"}
{"location":"index.html:WS_MESSAGE","message":"WebSocket message received","data":{"type":"new_event","eventStatus":"VERIFIED"},"timestamp":1766028072919,"sessionId":"debug-session","hypothesisId":"C"}
{"location":"index.html:WS_MESSAGE","message":"WebSocket message received","data":{"type":"new_event","eventStatus":"VERIFIED"},"timestamp":1766028072919,"sessionId":"debug-session","hypothesisId":"C"}
{"location":"index.html:WS_MESSAGE","message":"WebSocket message received","data":{"type":"status_update"},"timestamp":1766028093400,"sessionId":"debug-session","hypothesisId":"C"}
{"location":"index.html:WS_MESSAGE","message":"WebSocket message received","data":{"type":"stats_update"},"timestamp":1766028093434,"sessionId":"debug-session","hypothesisId":"C"}
{"location":"index.html:WS_MESSAGE","message":"WebSocket message received","data":{"type":"new_event","eventStatus":"VERIFIED"},"timestamp":1766028093437,"sessionId":"debug-session","hypothesisId":"C"}
{"location":"index.html:WS_MESSAGE","message":"WebSocket message received","data":{"type":"new_event","eventStatus":"VERIFIED"},"timestamp":1766028093438,"sessionId":"debug-session","hypothesisId":"C"}
{"location":"index.html:WS_MESSAGE","message":"WebSocket message received","data":{"type":"new_event","eventStatus":"VERIFIED"},"timestamp":1766028093439,"sessionId":"debug-session","hypothesisId":"C"}
{"location":"index.html:WS_MESSAGE","message":"WebSocket message received","data":{"type":"new_event","eventStatus":"VERIFIED"},"timestamp":1766028093440,"sessionId":"debug-session","hypothesisId":"C"}
{"location":"index.html:WS_MESSAGE","message":"WebSocket message received","data":{"type":"new_event","eventStatus":"VERIFIED"},"timestamp":1766028093442,"sessionId":"debug-session","hypothesisId":"C"}
{"location":"index.html:WS_MESSAGE","message":"WebSocket message received","data":{"type":"new_event","eventStatus":"VERIFIED"},"timestamp":1766028093440,"sessionId":"debug-session","hypothesisId":"C"}
{"location":"index.html:WS_MESSAGE","message":"WebSocket message received","data":{"type":"new_event","eventStatus":"VERIFIED"},"timestamp":1766028093444,"sessionId":"debug-session","hypothesisId":"C"}
{"location":"index.html:WS_MESSAGE","message":"WebSocket message received","data":{"type":"new_event","eventStatus":"VERIFIED"},"timestamp":1766028093445,"sessionId":"debug-session","hypothesisId":"C"}
{"location":"index.html:WS_MESSAGE","message":"WebSocket message received","data":{"type":"new_event","eventStatus":"VERIFIED"},"timestamp":1766028093446,"sessionId":"debug-session","hypothesisId":"C"}
{"location":"index.html:WS_MESSAGE","message":"WebSocket message received","data":{"type":"new_event","eventStatus":"VERIFIED"},"timestamp":1766028093447,"sessionId":"debug-session","hypothesisId":"C"}
{"location":"index.html:WS_MESSAGE","message":"WebSocket message received","data":{"type":"new_event","eventStatus":"VERIFIED"},"timestamp":1766028093448,"sessionId":"debug-session","hypothesisId":"C"}
{"location":"index.html:WS_MESSAGE","message":"WebSocket message received","data":{"type":"new_event","eventStatus":"VERIFIED"},"timestamp":1766028093449,"sessionId":"debug-session","hypothesisId":"C"}
{"location":"index.html:WS_MESSAGE","message":"WebSocket message received","data":{"type":"new_event","eventStatus":"VERIFIED"},"timestamp":1766028093450,"sessionId":"debug-session","hypothesisId":"C"}
{"location":"index.html:WS_MESSAGE","message":"WebSocket message received","data":{"type":"new_event","eventStatus":"VERIFIED"},"timestamp":1766028093451,"sessionId":"debug-session","hypothesisId":"C"}
{"location":"index.html:WS_MESSAGE","message":"WebSocket message received","data":{"type":"new_event","eventStatus":"VERIFIED"},"timestamp":1766028093452,"sessionId":"debug-session","hypothesisId":"C"}
{"location":"index.html:WS_MESSAGE","message":"WebSocket message received","data":{"type":"new_event","eventStatus":"VERIFIED"},"timestamp":1766028093452,"sessionId":"debug-session","hypothesisId":"C"}
{"location":"index.html:WS_MESSAGE","message":"WebSocket message received","data":{"type":"new_event","eventStatus":"VERIFIED"},"timestamp":1766028093453,"sessionId":"debug-session","hypothesisId":"C"}
{"location":"index.html:WS_MESSAGE","message":"WebSocket message received","data":{"type":"new_event","eventStatus":"VERIFIED"},"timestamp":1766028093454,"sessionId":"debug-session","hypothesisId":"C"}
{"location":"index.html:WS_MESSAGE","message":"WebSocket message received","data":{"type":"new_event","eventStatus":"VERIFIED"},"timestamp":1766028093455,"sessionId":"debug-session","hypothesisId":"C"}
{"location":"index.html:WS_MESSAGE","message":"WebSocket message received","data":{"type":"new_event","eventStatus":"VERIFIED"},"timestamp":1766028093455,"sessionId":"debug-session","hypothesisId":"C"}
{"location":"index.html:WS_MESSAGE","message":"WebSocket message received","data":{"type":"status_update"},"timestamp":1766028114256,"sessionId":"debug-session","hypothesisId":"C"}
{"location":"index.html:WS_MESSAGE","message":"WebSocket message received","data":{"type":"stats_update"},"timestamp":1766028114291,"sessionId":"debug-session","hypothesisId":"C"}
{"location":"index.html:WS_MESSAGE","message":"WebSocket message received","data":{"type":"new_event","eventStatus":"VERIFIED"},"timestamp":1766028114294,"sessionId":"debug-session","hypothesisId":"C"}
{"location":"index.html:WS_MESSAGE","message":"WebSocket message received","data":{"type":"new_event","eventStatus":"VERIFIED"},"timestamp":1766028114294,"sessionId":"debug-session","hypothesisId":"C"}
{"location":"index.html:WS_MESSAGE","message":"WebSocket message received","data":{"type":"new_event","eventStatus":"VERIFIED"},"timestamp":1766028114294,"sessionId":"debug-session","hypothesisId":"C"}
{"location":"index.html:WS_MESSAGE","message":"WebSocket message received","data":{"type":"new_event","eventStatus":"VERIFIED"},"timestamp":1766028114295,"sessionId":"debug-session","hypothesisId":"C"}
{"location":"index.html:WS_MESSAGE","message":"WebSocket message received","data":{"type":"new_event","eventStatus":"VERIFIED"},"timestamp":1766028114295,"sessionId":"debug-session","hypothesisId":"C"}
{"location":"index.html:WS_MESSAGE","message":"WebSocket message received","data":{"type":"new_event","eventStatus":"VERIFIED"},"timestamp":1766028114296,"sessionId":"debug-session","hypothesisId":"C"}
{"location":"index.html:WS_MESSAGE","message":"WebSocket message received","data":{"type":"new_event","eventStatus":"VERIFIED"},"timestamp":1766028114297,"sessionId":"debug-session","hypothesisId":"C"}
{"location":"index.html:WS_MESSAGE","message":"WebSocket message received","data":{"type":"new_event","eventStatus":"VERIFIED"},"timestamp":1766028114298,"sessionId":"debug-session","hypothesisId":"C"}
{"location":"index.html:WS_MESSAGE","message":"WebSocket message received","data":{"type":"new_event","eventStatus":"VERIFIED"},"timestamp":1766028114299,"sessionId":"debug-session","hypothesisId":"C"}
{"location":"index.html:WS_MESSAGE","message":"WebSocket message received","data":{"type":"new_event","eventStatus":"VERIFIED"},"timestamp":1766028114300,"sessionId":"debug-session","hypothesisId":"C"}
{"location":"index.html:WS_MESSAGE","message":"WebSocket message received","data":{"type":"new_event","eventStatus":"VERIFIED"},"timestamp":1766028114301,"sessionId":"debug-session","hypothesisId":"C"}
{"location":"index.html:WS_MESSAGE","message":"WebSocket message received","data":{"type":"new_event","eventStatus":"VERIFIED"},"timestamp":1766028114301,"sessionId":"debug-session","hypothesisId":"C"}
{"location":"index.html:WS_MESSAGE","message":"WebSocket message received","data":{"type":"new_event","eventStatus":"VERIFIED"},"timestamp":1766028114301,"sessionId":"debug-session","hypothesisId":"C"}
{"location":"index.html:WS_MESSAGE","message":"WebSocket message received","data":{"type":"new_event","eventStatus":"VERIFIED"},"timestamp":1766028114301,"sessionId":"debug-session","hypothesisId":"C"}
{"location":"index.html:WS_MESSAGE","message":"WebSocket message received","data":{"type":"new_event","eventStatus":"VERIFIED"},"timestamp":1766028114302,"sessionId":"debug-session","hypothesisId":"C"}
{"location":"index.html:WS_MESSAGE","message":"WebSocket message received","data":{"type":"new_event","eventStatus":"VERIFIED"},"timestamp":1766028114302,"sessionId":"debug-session","hypothesisId":"C"}
{"location":"index.html:WS_MESSAGE","message":"WebSocket message received","data":{"type":"new_event","eventStatus":"VERIFIED"},"timestamp":1766028114302,"sessionId":"debug-session","hypothesisId":"C"}
{"location":"index.html:WS_MESSAGE","message":"WebSocket message received","data":{"type":"new_event","eventStatus":"VERIFIED"},"timestamp":1766028114303,"sessionId":"debug-session","hypothesisId":"C"}
{"location":"index.html:WS_MESSAGE","message":"WebSocket message received","data":{"type":"new_event","eventStatus":"VERIFIED"},"timestamp":1766028114303,"sessionId":"debug-session","hypothesisId":"C"}
{"location":"index.html:WS_MESSAGE","message":"WebSocket message received","data":{"type":"new_event","eventStatus":"VERIFIED"},"timestamp":1766028114303,"sessionId":"debug-session","hypothesisId":"C"}
{"location":"index.html:CLEAR_CLICK","message":"CLEAR button clicked","data":{"eventsCount":2,"eventStatuses":["VERIFIED","VERIFIED"]},"timestamp":1766028115658,"sessionId":"debug-session","hypothesisId":"A,B"}
{"location":"index.html:CLEAR_FILTER","message":"After filtering","data":{"beforeCount":2,"afterCount":0,"keptStatuses":[]},"timestamp":1766028115659,"sessionId":"debug-session","hypothesisId":"B"}
{"location":"index.html:WS_MESSAGE","message":"WebSocket message received","data":{"type":"status_update"},"timestamp":1766028118734,"sessionId":"debug-session","hypothesisId":"C"}
{"location":"index.html:WS_MESSAGE","message":"WebSocket message received","data":{"type":"stats_update"},"timestamp":1766028118772,"sessionId":"debug-session","hypothesisId":"C"}
{"location":"index.html:WS_MESSAGE","message":"WebSocket message received","data":{"type":"new_event","eventStatus":"VERIFIED"},"timestamp":1766028118776,"sessionId":"debug-session","hypothesisId":"C"}
{"location":"index.html:WS_MESSAGE","message":"WebSocket message received","data":{"type":"new_event","eventStatus":"VERIFIED"},"timestamp":1766028118776,"sessionId":"debug-session","hypothesisId":"C"}
{"location":"index.html:WS_MESSAGE","message":"WebSocket message received","data":{"type":"new_event","eventStatus":"VERIFIED"},"timestamp":1766028118777,"sessionId":"debug-session","hypothesisId":"C"}
{"location":"index.html:WS_MESSAGE","message":"WebSocket message received","data":{"type":"new_event","eventStatus":"VERIFIED"},"timestamp":1766028118778,"sessionId":"debug-session","hypothesisId":"C"}
{"location":"index.html:WS_MESSAGE","message":"WebSocket message received","data":{"type":"new_event","eventStatus":"VERIFIED"},"timestamp":1766028118778,"sessionId":"debug-session","hypothesisId":"C"}
{"location":"index.html:WS_MESSAGE","message":"WebSocket message received","data":{"type":"new_event","eventStatus":"VERIFIED"},"timestamp":1766028118779,"sessionId":"debug-session","hypothesisId":"C"}
{"location":"index.html:WS_MESSAGE","message":"WebSocket message received","data":{"type":"new_event","eventStatus":"VERIFIED"},"timestamp":1766028118780,"sessionId":"debug-session","hypothesisId":"C"}
{"location":"index.html:WS_MESSAGE","message":"WebSocket message received","data":{"type":"new_event","eventStatus":"VERIFIED"},"timestamp":1766028118780,"sessionId":"debug-session","hypothesisId":"C"}
{"location":"index.html:WS_MESSAGE","message":"WebSocket message received","data":{"type":"new_event","eventStatus":"VERIFIED"},"timestamp":1766028118780,"sessionId":"debug-session","hypothesisId":"C"}
{"location":"index.html:WS_MESSAGE","message":"WebSocket message received","data":{"type":"new_event","eventStatus":"VERIFIED"},"timestamp":1766028118781,"sessionId":"debug-session","hypothesisId":"C"}
{"location":"index.html:WS_MESSAGE","message":"WebSocket message received","data":{"type":"new_event","eventStatus":"VERIFIED"},"timestamp":1766028118782,"sessionId":"debug-session","hypothesisId":"C"}
{"location":"index.html:WS_MESSAGE","message":"WebSocket message received","data":{"type":"new_event","eventStatus":"VERIFIED"},"timestamp":1766028118783,"sessionId":"debug-session","hypothesisId":"C"}
{"location":"index.html:WS_MESSAGE","message":"WebSocket message received","data":{"type":"new_event","eventStatus":"VERIFIED"},"timestamp":1766028118784,"sessionId":"debug-session","hypothesisId":"C"}
{"location":"index.html:WS_MESSAGE","message":"WebSocket message received","data":{"type":"new_event","eventStatus":"VERIFIED"},"timestamp":1766028118784,"sessionId":"debug-session","hypothesisId":"C"}
{"location":"index.html:WS_MESSAGE","message":"WebSocket message received","data":{"type":"new_event","eventStatus":"VERIFIED"},"timestamp":1766028118785,"sessionId":"debug-session","hypothesisId":"C"}
{"location":"index.html:WS_MESSAGE","message":"WebSocket message received","data":{"type":"new_event","eventStatus":"VERIFIED"},"timestamp":1766028118785,"sessionId":"debug-session","hypothesisId":"C"}
{"location":"index.html:WS_MESSAGE","message":"WebSocket message received","data":{"type":"new_event","eventStatus":"VERIFIED"},"timestamp":1766028118786,"sessionId":"debug-session","hypothesisId":"C"}
{"location":"index.html:WS_MESSAGE","message":"WebSocket message received","data":{"type":"new_event","eventStatus":"VERIFIED"},"timestamp":1766028118786,"sessionId":"debug-session","hypothesisId":"C"}
{"location":"index.html:WS_MESSAGE","message":"WebSocket message received","data":{"type":"new_event","eventStatus":"VERIFIED"},"timestamp":1766028118787,"sessionId":"debug-session","hypothesisId":"C"}
{"location":"index.html:WS_MESSAGE","message":"WebSocket message received","data":{"type":"new_event","eventStatus":"VERIFIED"},"timestamp":1766028118787,"sessionId":"debug-session","hypothesisId":"C"}
{"location":"index.html:WS_MESSAGE","message":"WebSocket message received","data":{"type":"stats_update"},"timestamp":1766028121014,"sessionId":"debug-session","hypothesisId":"C"}
{"location":"index.html:WS_MESSAGE","message":"WebSocket message received","data":{"type":"stats_update"},"timestamp":1766028121014,"sessionId":"debug-session","hypothesisId":"C"}
{"location":"index.html:WS_MESSAGE","message":"WebSocket message received","data":{"type":"stats_update"},"timestamp":1766028121714,"sessionId":"debug-session","hypothesisId":"C"}
{"location":"index.html:WS_MESSAGE","message":"WebSocket message received","data":{"type":"stats_update"},"timestamp":1766028121715,"sessionId":"debug-session","hypothesisId":"C"}
{"location":"index.html:WS_MESSAGE","message":"WebSocket message received","data":{"type":"status_update"},"timestamp":1766028171364,"sessionId":"debug-session","hypothesisId":"C"}
{"location":"index.html:WS_MESSAGE","message":"WebSocket message received","data":{"type":"stats_update"},"timestamp":1766028171370,"sessionId":"debug-session","hypothesisId":"C"}
{"location":"index.html:WS_MESSAGE","message":"WebSocket message received","data":{"type":"status_update"},"timestamp":1766028171366,"sessionId":"debug-session","hypothesisId":"C"}
{"location":"index.html:WS_MESSAGE","message":"WebSocket message received","data":{"type":"new_event","eventStatus":"VERIFIED"},"timestamp":1766028171380,"sessionId":"debug-session","hypothesisId":"C"}
{"location":"index.html:WS_MESSAGE","message":"WebSocket message received","data":{"type":"new_event","eventStatus":"ALERT"},"timestamp":1766028171391,"sessionId":"debug-session","hypothesisId":"C"}
{"location":"index.html:WS_MESSAGE","message":"WebSocket message received","data":{"type":"new_event","eventStatus":"VERIFIED"},"timestamp":1766028171392,"sessionId":"debug-session","hypothesisId":"C"}
{"location":"index.html:WS_MESSAGE","message":"WebSocket message received","data":{"type":"stats_update"},"timestamp":1766028171395,"sessionId":"debug-session","hypothesisId":"C"}
{"location":"index.html:WS_MESSAGE","message":"WebSocket message received","data":{"type":"new_event","eventStatus":"VERIFIED"},"timestamp":1766028171393,"sessionId":"debug-session","hypothesisId":"C"}
{"location":"index.html:WS_MESSAGE","message":"WebSocket message received","data":{"type":"new_event","eventStatus":"VERIFIED"},"timestamp":1766028171400,"sessionId":"debug-session","hypothesisId":"C"}
{"location":"index.html:WS_MESSAGE","message":"WebSocket message received","data":{"type":"new_event","eventStatus":"VERIFIED"},"timestamp":1766028171396,"sessionId":"debug-session","hypothesisId":"C"}
{"location":"index.html:WS_MESSAGE","message":"WebSocket message received","data":{"type":"new_event","eventStatus":"VERIFIED"},"timestamp":1766028171398,"sessionId":"debug-session","hypothesisId":"C"}
{"location":"index.html:WS_MESSAGE","message":"WebSocket message received","data":{"type":"new_event","eventStatus":"VERIFIED"},"timestamp":1766028171403,"sessionId":"debug-session","hypothesisId":"C"}
{"location":"index.html:WS_MESSAGE","message":"WebSocket message received","data":{"type":"new_event","eventStatus":"VERIFIED"},"timestamp":1766028171402,"sessionId":"debug-session","hypothesisId":"C"}
{"location":"index.html:WS_MESSAGE","message":"WebSocket message received","data":{"type":"new_event","eventStatus":"ALERT"},"timestamp":1766028171401,"sessionId":"debug-session","hypothesisId":"C"}
{"location":"index.html:WS_MESSAGE","message":"WebSocket message received","data":{"type":"new_event","eventStatus":"VERIFIED"},"timestamp":1766028171404,"sessionId":"debug-session","hypothesisId":"C"}
{"location":"index.html:WS_MESSAGE","message":"WebSocket message received","data":{"type":"new_event","eventStatus":"VERIFIED"},"timestamp":1766028171404,"sessionId":"debug-session","hypothesisId":"C"}
{"location":"index.html:WS_MESSAGE","message":"WebSocket message received","data":{"type":"new_event","eventStatus":"VERIFIED"},"timestamp":1766028171405,"sessionId":"debug-session","hypothesisId":"C"}
{"location":"index.html:WS_MESSAGE","message":"WebSocket message received","data":{"type":"new_event","eventStatus":"VERIFIED"},"timestamp":1766028171406,"sessionId":"debug-session","hypothesisId":"C"}
{"location":"index.html:WS_MESSAGE","message":"WebSocket message received","data":{"type":"new_event","eventStatus":"VERIFIED"},"timestamp":1766028171406,"sessionId":"debug-session","hypothesisId":"C"}
{"location":"index.html:WS_MESSAGE","message":"WebSocket message received","data":{"type":"new_event","eventStatus":"VERIFIED"},"timestamp":1766028171407,"sessionId":"debug-session","hypothesisId":"C"}
{"location":"index.html:WS_MESSAGE","message":"WebSocket message received","data":{"type":"new_event","eventStatus":"VERIFIED"},"timestamp":1766028171408,"sessionId":"debug-session","hypothesisId":"C"}
{"location":"index.html:WS_MESSAGE","message":"WebSocket message received","data":{"type":"new_event","eventStatus":"VERIFIED"},"timestamp":1766028171408,"sessionId":"debug-session","hypothesisId":"C"}
{"location":"index.html:WS_MESSAGE","message":"WebSocket message received","data":{"type":"new_event","eventStatus":"VERIFIED"},"timestamp":1766028171409,"sessionId":"debug-session","hypothesisId":"C"}
{"location":"index.html:WS_MESSAGE","message":"WebSocket message received","data":{"type":"new_event","eventStatus":"VERIFIED"},"timestamp":1766028171410,"sessionId":"debug-session","hypothesisId":"C"}
{"location":"index.html:WS_MESSAGE","message":"WebSocket message received","data":{"type":"new_event","eventStatus":"VERIFIED"},"timestamp":1766028171410,"sessionId":"debug-session","hypothesisId":"C"}
{"location":"index.html:WS_MESSAGE","message":"WebSocket message received","data":{"type":"new_event","eventStatus":"VERIFIED"},"timestamp":1766028171411,"sessionId":"debug-session","hypothesisId":"C"}
{"location":"index.html:WS_MESSAGE","message":"WebSocket message received","data":{"type":"new_event","eventStatus":"VERIFIED"},"timestamp":1766028171412,"sessionId":"debug-session","hypothesisId":"C"}
{"location":"index.html:WS_MESSAGE","message":"WebSocket message received","data":{"type":"new_event","eventStatus":"VERIFIED"},"timestamp":1766028171413,"sessionId":"debug-session","hypothesisId":"C"}
{"location":"index.html:WS_MESSAGE","message":"WebSocket message received","data":{"type":"new_event","eventStatus":"VERIFIED"},"timestamp":1766028171413,"sessionId":"debug-session","hypothesisId":"C"}
{"location":"index.html:WS_MESSAGE","message":"WebSocket message received","data":{"type":"new_event","eventStatus":"VERIFIED"},"timestamp":1766028171414,"sessionId":"debug-session","hypothesisId":"C"}
{"location":"index.html:WS_MESSAGE","message":"WebSocket message received","data":{"type":"new_event","eventStatus":"VERIFIED"},"timestamp":1766028171541,"sessionId":"debug-session","hypothesisId":"C"}
{"location":"index.html:WS_MESSAGE","message":"WebSocket message received","data":{"type":"new_event","eventStatus":"VERIFIED"},"timestamp":1766028171542,"sessionId":"debug-session","hypothesisId":"C"}
{"location":"index.html:WS_MESSAGE","message":"WebSocket message received","data":{"type":"new_event","eventStatus":"VERIFIED"},"timestamp":1766028171543,"sessionId":"debug-session","hypothesisId":"C"}
{"location":"index.html:WS_MESSAGE","message":"WebSocket message received","data":{"type":"new_event","eventStatus":"VERIFIED"},"timestamp":1766028171544,"sessionId":"debug-session","hypothesisId":"C"}
{"location":"index.html:WS_MESSAGE","message":"WebSocket message received","data":{"type":"new_event","eventStatus":"VERIFIED"},"timestamp":1766028171545,"sessionId":"debug-session","hypothesisId":"C"}
{"location":"index.html:WS_MESSAGE","message":"WebSocket message received","data":{"type":"new_event","eventStatus":"VERIFIED"},"timestamp":1766028171545,"sessionId":"debug-session","hypothesisId":"C"}
{"location":"index.html:WS_MESSAGE","message":"WebSocket message received","data":{"type":"new_event","eventStatus":"VERIFIED"},"timestamp":1766028171546,"sessionId":"debug-session","hypothesisId":"C"}
{"location":"index.html:WS_MESSAGE","message":"WebSocket message received","data":{"type":"new_event","eventStatus":"VERIFIED"},"timestamp":1766028171547,"sessionId":"debug-session","hypothesisId":"C"}
{"location":"index.html:WS_MESSAGE","message":"WebSocket message received","data":{"type":"new_event","eventStatus":"VERIFIED"},"timestamp":1766028171548,"sessionId":"debug-session","hypothesisId":"C"}
{"location":"index.html:WS_MESSAGE","message":"WebSocket message received","data":{"type":"new_event","eventStatus":"VERIFIED"},"timestamp":1766028171550,"sessionId":"debug-session","hypothesisId":"C"}
{"location":"index.html:WS_MESSAGE","message":"WebSocket message received","data":{"type":"new_event","eventStatus":"VERIFIED"},"timestamp":1766028171551,"sessionId":"debug-session","hypothesisId":"C"}
{"location":"index.html:WS_MESSAGE","message":"WebSocket message received","data":{"type":"new_event","eventStatus":"VERIFIED"},"timestamp":1766028171552,"sessionId":"debug-session","hypothesisId":"C"}
{"location":"index.html:WS_MESSAGE","message":"WebSocket message received","data":{"type":"new_event","eventStatus":"VERIFIED"},"timestamp":1766028171553,"sessionId":"debug-session","hypothesisId":"C"}
{"location":"index.html:WS_MESSAGE","message":"WebSocket message received","data":{"type":"new_event","eventStatus":"VERIFIED"},"timestamp":1766028171553,"sessionId":"debug-session","hypothesisId":"C"}
{"location":"index.html:CLEAR_CLICK","message":"CLEAR button clicked","data":{"eventsCount":2,"eventStatuses":["VERIFIED","ALERT"]},"timestamp":1766028176835,"sessionId":"debug-session","hypothesisId":"A,B"}
{"location":"index.html:CLEAR_FILTER","message":"After filtering","data":{"beforeCount":2,"afterCount":1,"keptStatuses":["ALERT"]},"timestamp":1766028176836,"sessionId":"debug-session","hypothesisId":"B"}
{"location":"index.html:CLEAR_CLICK","message":"CLEAR button clicked","data":{"eventsCount":1,"eventStatuses":["ALERT"]},"timestamp":1766028177780,"sessionId":"debug-session","hypothesisId":"A,B"}
{"location":"index.html:CLEAR_FILTER","message":"After filtering","data":{"beforeCount":1,"afterCount":1,"keptStatuses":["ALERT"]},"timestamp":1766028177781,"sessionId":"debug-session","hypothesisId":"B"}
{"location":"index.html:CLEAR_CLICK","message":"CLEAR button clicked","data":{"eventsCount":1,"eventStatuses":["ALERT"]},"timestamp":1766028178213,"sessionId":"debug-session","hypothesisId":"A,B"}
{"location":"index.html:CLEAR_FILTER","message":"After filtering","data":{"beforeCount":1,"afterCount":1,"keptStatuses":["ALERT"]},"timestamp":1766028178214,"sessionId":"debug-session","hypothesisId":"B"}
{"location":"index.html:CLEAR_CLICK","message":"CLEAR button clicked","data":{"eventsCount":1,"eventStatuses":["ALERT"]},"timestamp":1766028178401,"sessionId":"debug-session","hypothesisId":"A,B"}
{"location":"index.html:CLEAR_FILTER","message":"After filtering","data":{"beforeCount":1,"afterCount":1,"keptStatuses":["ALERT"]},"timestamp":1766028178402,"sessionId":"debug-session","hypothesisId":"B"}
{"location":"index.html:CLEAR_CLICK","message":"CLEAR button clicked","data":{"eventsCount":1,"eventStatuses":["ALERT"]},"timestamp":1766028179278,"sessionId":"debug-session","hypothesisId":"A,B"}
{"location":"index.html:CLEAR_FILTER","message":"After filtering","data":{"beforeCount":1,"afterCount":1,"keptStatuses":["ALERT"]},"timestamp":1766028179279,"sessionId":"debug-session","hypothesisId":"B"}
{"location":"index.html:WS_MESSAGE","message":"WebSocket message received","data":{"type":"status_update"},"timestamp":1766028185932,"sessionId":"debug-session","hypothesisId":"C"}
{"location":"index.html:WS_MESSAGE","message":"WebSocket message received","data":{"type":"stats_update"},"timestamp":1766028185936,"sessionId":"debug-session","hypothesisId":"C"}
{"location":"index.html:WS_MESSAGE","message":"WebSocket message received","data":{"type":"new_event","eventStatus":"VERIFIED"},"timestamp":1766028185950,"sessionId":"debug-session","hypothesisId":"C"}
{"location":"index.html:WS_MESSAGE","message":"WebSocket message received","data":{"type":"new_event","eventStatus":"ALERT"},"timestamp":1766028185959,"sessionId":"debug-session","hypothesisId":"C"}
{"location":"index.html:WS_MESSAGE","message":"WebSocket message received","data":{"type":"new_event","eventStatus":"VERIFIED"},"timestamp":1766028185960,"sessionId":"debug-session","hypothesisId":"C"}
{"location":"index.html:WS_MESSAGE","message":"WebSocket message received","data":{"type":"new_event","eventStatus":"VERIFIED"},"timestamp":1766028185960,"sessionId":"debug-session","hypothesisId":"C"}
{"location":"index.html:WS_MESSAGE","message":"WebSocket message received","data":{"type":"new_event","eventStatus":"VERIFIED"},"timestamp":1766028185961,"sessionId":"debug-session","hypothesisId":"C"}
{"location":"index.html:WS_MESSAGE","message":"WebSocket message received","data":{"type":"new_event","eventStatus":"VERIFIED"},"timestamp":1766028185980,"sessionId":"debug-session","hypothesisId":"C"}
{"location":"index.html:WS_MESSAGE","message":"WebSocket message received","data":{"type":"new_event","eventStatus":"VERIFIED"},"timestamp":1766028185982,"sessionId":"debug-session","hypothesisId":"C"}
{"location":"index.html:WS_MESSAGE","message":"WebSocket message received","data":{"type":"new_event","eventStatus":"VERIFIED"},"timestamp":1766028185984,"sessionId":"debug-session","hypothesisId":"C"}
{"location":"index.html:WS_MESSAGE","message":"WebSocket message received","data":{"type":"new_event","eventStatus":"VERIFIED"},"timestamp":1766028185983,"sessionId":"debug-session","hypothesisId":"C"}
{"location":"index.html:WS_MESSAGE","message":"WebSocket message received","data":{"type":"new_event","eventStatus":"VERIFIED"},"timestamp":1766028185985,"sessionId":"debug-session","hypothesisId":"C"}
{"location":"index.html:WS_MESSAGE","message":"WebSocket message received","data":{"type":"new_event","eventStatus":"VERIFIED"},"timestamp":1766028185987,"sessionId":"debug-session","hypothesisId":"C"}
{"location":"index.html:WS_MESSAGE","message":"WebSocket message received","data":{"type":"new_event","eventStatus":"VERIFIED"},"timestamp":1766028185988,"sessionId":"debug-session","hypothesisId":"C"}
{"location":"index.html:WS_MESSAGE","message":"WebSocket message received","data":{"type":"new_event","eventStatus":"VERIFIED"},"timestamp":1766028185989,"sessionId":"debug-session","hypothesisId":"C"}
{"location":"index.html:WS_MESSAGE","message":"WebSocket message received","data":{"type":"new_event","eventStatus":"VERIFIED"},"timestamp":1766028185990,"sessionId":"debug-session","hypothesisId":"C"}
{"location":"index.html:WS_MESSAGE","message":"WebSocket message received","data":{"type":"new_event","eventStatus":"VERIFIED"},"timestamp":1766028185991,"sessionId":"debug-session","hypothesisId":"C"}
{"location":"index.html:WS_MESSAGE","message":"WebSocket message received","data":{"type":"new_event","eventStatus":"VERIFIED"},"timestamp":1766028185992,"sessionId":"debug-session","hypothesisId":"C"}
{"location":"index.html:WS_MESSAGE","message":"WebSocket message received","data":{"type":"new_event","eventStatus":"VERIFIED"},"timestamp":1766028185993,"sessionId":"debug-session","hypothesisId":"C"}
{"location":"index.html:WS_MESSAGE","message":"WebSocket message received","data":{"type":"new_event","eventStatus":"VERIFIED"},"timestamp":1766028185996,"sessionId":"debug-session","hypothesisId":"C"}
{"location":"index.html:WS_MESSAGE","message":"WebSocket message received","data":{"type":"new_event","eventStatus":"VERIFIED"},"timestamp":1766028185994,"sessionId":"debug-session","hypothesisId":"C"}
{"location":"index.html:WS_MESSAGE","message":"WebSocket message received","data":{"type":"new_event","eventStatus":"VERIFIED"},"timestamp":1766028186001,"sessionId":"debug-session","hypothesisId":"C"}
{"location":"index.html:WS_MESSAGE","message":"WebSocket message received","data":{"type":"status_update"},"timestamp":1766028186971,"sessionId":"debug-session","hypothesisId":"C"}
{"location":"index.html:WS_MESSAGE","message":"WebSocket message received","data":{"type":"stats_update"},"timestamp":1766028186995,"sessionId":"debug-session","hypothesisId":"C"}
{"location":"index.html:WS_MESSAGE","message":"WebSocket message received","data":{"type":"new_event","eventStatus":"VERIFIED"},"timestamp":1766028186998,"sessionId":"debug-session","hypothesisId":"C"}
{"location":"index.html:WS_MESSAGE","message":"WebSocket message received","data":{"type":"new_event","eventStatus":"ALERT"},"timestamp":1766028186999,"sessionId":"debug-session","hypothesisId":"C"}
{"location":"index.html:WS_MESSAGE","message":"WebSocket message received","data":{"type":"new_event","eventStatus":"VERIFIED"},"timestamp":1766028187000,"sessionId":"debug-session","hypothesisId":"C"}
{"location":"index.html:WS_MESSAGE","message":"WebSocket message received","data":{"type":"new_event","eventStatus":"VERIFIED"},"timestamp":1766028187001,"sessionId":"debug-session","hypothesisId":"C"}
{"location":"index.html:WS_MESSAGE","message":"WebSocket message received","data":{"type":"new_event","eventStatus":"VERIFIED"},"timestamp":1766028187002,"sessionId":"debug-session","hypothesisId":"C"}
{"location":"index.html:WS_MESSAGE","message":"WebSocket message received","data":{"type":"new_event","eventStatus":"VERIFIED"},"timestamp":1766028187003,"sessionId":"debug-session","hypothesisId":"C"}
{"location":"index.html:WS_MESSAGE","message":"WebSocket message received","data":{"type":"new_event","eventStatus":"VERIFIED"},"timestamp":1766028187003,"sessionId":"debug-session","hypothesisId":"C"}
{"location":"index.html:WS_MESSAGE","message":"WebSocket message received","data":{"type":"new_event","eventStatus":"VERIFIED"},"timestamp":1766028187003,"sessionId":"debug-session","hypothesisId":"C"}
{"location":"index.html:WS_MESSAGE","message":"WebSocket message received","data":{"type":"new_event","eventStatus":"VERIFIED"},"timestamp":1766028187004,"sessionId":"debug-session","hypothesisId":"C"}
{"location":"index.html:WS_MESSAGE","message":"WebSocket message received","data":{"type":"new_event","eventStatus":"VERIFIED"},"timestamp":1766028187004,"sessionId":"debug-session","hypothesisId":"C"}
{"location":"index.html:WS_MESSAGE","message":"WebSocket message received","data":{"type":"new_event","eventStatus":"VERIFIED"},"timestamp":1766028187005,"sessionId":"debug-session","hypothesisId":"C"}
{"location":"index.html:WS_MESSAGE","message":"WebSocket message received","data":{"type":"new_event","eventStatus":"VERIFIED"},"timestamp":1766028187005,"sessionId":"debug-session","hypothesisId":"C"}
{"location":"index.html:WS_MESSAGE","message":"WebSocket message received","data":{"type":"new_event","eventStatus":"VERIFIED"},"timestamp":1766028187006,"sessionId":"debug-session","hypothesisId":"C"}
{"location":"index.html:WS_MESSAGE","message":"WebSocket message received","data":{"type":"new_event","eventStatus":"VERIFIED"},"timestamp":1766028187006,"sessionId":"debug-session","hypothesisId":"C"}
{"location":"index.html:WS_MESSAGE","message":"WebSocket message received","data":{"type":"new_event","eventStatus":"VERIFIED"},"timestamp":1766028187007,"sessionId":"debug-session","hypothesisId":"C"}
{"location":"index.html:WS_MESSAGE","message":"WebSocket message received","data":{"type":"new_event","eventStatus":"VERIFIED"},"timestamp":1766028187007,"sessionId":"debug-session","hypothesisId":"C"}
{"location":"index.html:WS_MESSAGE","message":"WebSocket message received","data":{"type":"new_event","eventStatus":"VERIFIED"},"timestamp":1766028187008,"sessionId":"debug-session","hypothesisId":"C"}
{"location":"index.html:WS_MESSAGE","message":"WebSocket message received","data":{"type":"new_event","eventStatus":"VERIFIED"},"timestamp":1766028187008,"sessionId":"debug-session","hypothesisId":"C"}
{"location":"index.html:WS_MESSAGE","message":"WebSocket message received","data":{"type":"new_event","eventStatus":"VERIFIED"},"timestamp":1766028187009,"sessionId":"debug-session","hypothesisId":"C"}
{"location":"index.html:WS_MESSAGE","message":"WebSocket message received","data":{"type":"new_event","eventStatus":"VERIFIED"},"timestamp":1766028187009,"sessionId":"debug-session","hypothesisId":"C"}
{"location":"index.html:WS_MESSAGE","message":"WebSocket message received","data":{"type":"stats_update"},"timestamp":1766028208019,"sessionId":"debug-session","hypothesisId":"C"}
{"location":"index.html:WS_MESSAGE","message":"WebSocket message received","data":{"type":"stats_update"},"timestamp":1766028208020,"sessionId":"debug-session","hypothesisId":"C"}
{"location":"index.html:WS_MESSAGE","message":"WebSocket message received","data":{"type":"status_update"},"timestamp":1766028225854,"sessionId":"debug-session","hypothesisId":"C"}
{"location":"index.html:WS_MESSAGE","message":"WebSocket message received","data":{"type":"stats_update"},"timestamp":1766028225861,"sessionId":"debug-session","hypothesisId":"C"}
{"location":"index.html:WS_MESSAGE","message":"WebSocket message received","data":{"type":"new_event","eventStatus":"VERIFIED"},"timestamp":1766028225864,"sessionId":"debug-session","hypothesisId":"C"}
{"location":"index.html:WS_MESSAGE","message":"WebSocket message received","data":{"type":"new_event","eventStatus":"VERIFIED"},"timestamp":1766028225865,"sessionId":"debug-session","hypothesisId":"C"}
{"location":"index.html:WS_MESSAGE","message":"WebSocket message received","data":{"type":"new_event","eventStatus":"VERIFIED"},"timestamp":1766028225878,"sessionId":"debug-session","hypothesisId":"C"}
{"location":"index.html:WS_MESSAGE","message":"WebSocket message received","data":{"type":"new_event","eventStatus":"VERIFIED"},"timestamp":1766028225880,"sessionId":"debug-session","hypothesisId":"C"}
{"location":"index.html:WS_MESSAGE","message":"WebSocket message received","data":{"type":"new_event","eventStatus":"VERIFIED"},"timestamp":1766028225893,"sessionId":"debug-session","hypothesisId":"C"}
{"location":"index.html:WS_MESSAGE","message":"WebSocket message received","data":{"type":"new_event","eventStatus":"VERIFIED"},"timestamp":1766028225894,"sessionId":"debug-session","hypothesisId":"C"}
{"location":"index.html:WS_MESSAGE","message":"WebSocket message received","data":{"type":"new_event","eventStatus":"VERIFIED"},"timestamp":1766028225895,"sessionId":"debug-session","hypothesisId":"C"}
{"location":"index.html:WS_MESSAGE","message":"WebSocket message received","data":{"type":"new_event","eventStatus":"VERIFIED"},"timestamp":1766028225896,"sessionId":"debug-session","hypothesisId":"C"}
{"location":"index.html:WS_MESSAGE","message":"WebSocket message received","data":{"type":"new_event","eventStatus":"VERIFIED"},"timestamp":1766028225897,"sessionId":"debug-session","hypothesisId":"C"}
{"location":"index.html:WS_MESSAGE","message":"WebSocket message received","data":{"type":"new_event","eventStatus":"VERIFIED"},"timestamp":1766028225898,"sessionId":"debug-session","hypothesisId":"C"}
{"location":"index.html:WS_MESSAGE","message":"WebSocket message received","data":{"type":"new_event","eventStatus":"VERIFIED"},"timestamp":1766028225899,"sessionId":"debug-session","hypothesisId":"C"}
{"location":"index.html:WS_MESSAGE","message":"WebSocket message received","data":{"type":"new_event","eventStatus":"VERIFIED"},"timestamp":1766028225900,"sessionId":"debug-session","hypothesisId":"C"}
{"location":"index.html:WS_MESSAGE","message":"WebSocket message received","data":{"type":"new_event","eventStatus":"VERIFIED"},"timestamp":1766028225901,"sessionId":"debug-session","hypothesisId":"C"}
{"location":"index.html:WS_MESSAGE","message":"WebSocket message received","data":{"type":"new_event","eventStatus":"VERIFIED"},"timestamp":1766028225902,"sessionId":"debug-session","hypothesisId":"C"}
{"location":"index.html:WS_MESSAGE","message":"WebSocket message received","data":{"type":"new_event","eventStatus":"VERIFIED"},"timestamp":1766028225904,"sessionId":"debug-session","hypothesisId":"C"}
{"location":"index.html:WS_MESSAGE","message":"WebSocket message received","data":{"type":"new_event","eventStatus":"VERIFIED"},"timestamp":1766028225905,"sessionId":"debug-session","hypothesisId":"C"}
{"location":"index.html:WS_MESSAGE","message":"WebSocket message received","data":{"type":"new_event","eventStatus":"VERIFIED"},"timestamp":1766028225907,"sessionId":"debug-session","hypothesisId":"C"}
{"location":"index.html:WS_MESSAGE","message":"WebSocket message received","data":{"type":"new_event","eventStatus":"VERIFIED"},"timestamp":1766028225909,"sessionId":"debug-session","hypothesisId":"C"}
{"location":"index.html:WS_MESSAGE","message":"WebSocket message received","data":{"type":"new_event","eventStatus":"VERIFIED"},"timestamp":1766028225911,"sessionId":"debug-session","hypothesisId":"C"}
{"location":"index.html:WS_MESSAGE","message":"WebSocket message received","data":{"type":"new_event","eventStatus":"VERIFIED"},"timestamp":1766028225913,"sessionId":"debug-session","hypothesisId":"C"}
{"location":"index.html:WS_MESSAGE","message":"WebSocket message received","data":{"type":"status_update"},"timestamp":1766028251758,"sessionId":"debug-session","hypothesisId":"C"}
{"location":"index.html:WS_MESSAGE","message":"WebSocket message received","data":{"type":"stats_update"},"timestamp":1766028251776,"sessionId":"debug-session","hypothesisId":"C"}
{"location":"index.html:WS_MESSAGE","message":"WebSocket message received","data":{"type":"new_event","eventStatus":"VERIFIED"},"timestamp":1766028251784,"sessionId":"debug-session","hypothesisId":"C"}
{"location":"index.html:WS_MESSAGE","message":"WebSocket message received","data":{"type":"new_event","eventStatus":"VERIFIED"},"timestamp":1766028251785,"sessionId":"debug-session","hypothesisId":"C"}
{"location":"index.html:WS_MESSAGE","message":"WebSocket message received","data":{"type":"new_event","eventStatus":"VERIFIED"},"timestamp":1766028251786,"sessionId":"debug-session","hypothesisId":"C"}
{"location":"index.html:WS_MESSAGE","message":"WebSocket message received","data":{"type":"new_event","eventStatus":"VERIFIED"},"timestamp":1766028251786,"sessionId":"debug-session","hypothesisId":"C"}
{"location":"index.html:WS_MESSAGE","message":"WebSocket message received","data":{"type":"new_event","eventStatus":"VERIFIED"},"timestamp":1766028251786,"sessionId":"debug-session","hypothesisId":"C"}
{"location":"index.html:WS_MESSAGE","message":"WebSocket message received","data":{"type":"new_event","eventStatus":"VERIFIED"},"timestamp":1766028251786,"sessionId":"debug-session","hypothesisId":"C"}
{"location":"index.html:WS_MESSAGE","message":"WebSocket message received","data":{"type":"new_event","eventStatus":"VERIFIED"},"timestamp":1766028251787,"sessionId":"debug-session","hypothesisId":"C"}
{"location":"index.html:WS_MESSAGE","message":"WebSocket message received","data":{"type":"new_event","eventStatus":"VERIFIED"},"timestamp":1766028251787,"sessionId":"debug-session","hypothesisId":"C"}
{"location":"index.html:WS_MESSAGE","message":"WebSocket message received","data":{"type":"new_event","eventStatus":"VERIFIED"},"timestamp":1766028251788,"sessionId":"debug-session","hypothesisId":"C"}
{"location":"index.html:WS_MESSAGE","message":"WebSocket message received","data":{"type":"new_event","eventStatus":"VERIFIED"},"timestamp":1766028251788,"sessionId":"debug-session","hypothesisId":"C"}
{"location":"index.html:WS_MESSAGE","message":"WebSocket message received","data":{"type":"new_event","eventStatus":"VERIFIED"},"timestamp":1766028251788,"sessionId":"debug-session","hypothesisId":"C"}
{"location":"index.html:WS_MESSAGE","message":"WebSocket message received","data":{"type":"new_event","eventStatus":"VERIFIED"},"timestamp":1766028251789,"sessionId":"debug-session","hypothesisId":"C"}
{"location":"index.html:WS_MESSAGE","message":"WebSocket message received","data":{"type":"new_event","eventStatus":"VERIFIED"},"timestamp":1766028251789,"sessionId":"debug-session","hypothesisId":"C"}
{"location":"index.html:WS_MESSAGE","message":"WebSocket message received","data":{"type":"new_event","eventStatus":"VERIFIED"},"timestamp":1766028251789,"sessionId":"debug-session","hypothesisId":"C"}
{"location":"index.html:WS_MESSAGE","message":"WebSocket message received","data":{"type":"new_event","eventStatus":"VERIFIED"},"timestamp":1766028251789,"sessionId":"debug-session","hypothesisId":"C"}
{"location":"index.html:WS_MESSAGE","message":"WebSocket message received","data":{"type":"new_event","eventStatus":"VERIFIED"},"timestamp":1766028251790,"sessionId":"debug-session","hypothesisId":"C"}
{"location":"index.html:WS_MESSAGE","message":"WebSocket message received","data":{"type":"new_event","eventStatus":"VERIFIED"},"timestamp":1766028251790,"sessionId":"debug-session","hypothesisId":"C"}
{"location":"index.html:WS_MESSAGE","message":"WebSocket message received","data":{"type":"new_event","eventStatus":"VERIFIED"},"timestamp":1766028251791,"sessionId":"debug-session","hypothesisId":"C"}
{"location":"index.html:WS_MESSAGE","message":"WebSocket message received","data":{"type":"new_event","eventStatus":"VERIFIED"},"timestamp":1766028251792,"sessionId":"debug-session","hypothesisId":"C"}
{"location":"index.html:WS_MESSAGE","message":"WebSocket message received","data":{"type":"new_event","eventStatus":"VERIFIED"},"timestamp":1766028251793,"sessionId":"debug-session","hypothesisId":"C"}
{"location":"index.html:WS_MESSAGE","message":"WebSocket message received","data":{"type":"status_update"},"timestamp":1766028252872,"sessionId":"debug-session","hypothesisId":"C"}
{"location":"index.html:WS_MESSAGE","message":"WebSocket message received","data":{"type":"stats_update"},"timestamp":1766028252875,"sessionId":"debug-session","hypothesisId":"C"}
{"location":"index.html:WS_MESSAGE","message":"WebSocket message received","data":{"type":"new_event","eventStatus":"VERIFIED"},"timestamp":1766028252876,"sessionId":"debug-session","hypothesisId":"C"}
{"location":"index.html:WS_MESSAGE","message":"WebSocket message received","data":{"type":"new_event","eventStatus":"VERIFIED"},"timestamp":1766028252876,"sessionId":"debug-session","hypothesisId":"C"}
{"location":"index.html:WS_MESSAGE","message":"WebSocket message received","data":{"type":"new_event","eventStatus":"VERIFIED"},"timestamp":1766028252877,"sessionId":"debug-session","hypothesisId":"C"}
{"location":"index.html:WS_MESSAGE","message":"WebSocket message received","data":{"type":"new_event","eventStatus":"VERIFIED"},"timestamp":1766028252877,"sessionId":"debug-session","hypothesisId":"C"}
{"location":"index.html:WS_MESSAGE","message":"WebSocket message received","data":{"type":"new_event","eventStatus":"VERIFIED"},"timestamp":1766028252877,"sessionId":"debug-session","hypothesisId":"C"}
{"location":"index.html:WS_MESSAGE","message":"WebSocket message received","data":{"type":"new_event","eventStatus":"VERIFIED"},"timestamp":1766028252878,"sessionId":"debug-session","hypothesisId":"C"}
{"location":"index.html:WS_MESSAGE","message":"WebSocket message received","data":{"type":"new_event","eventStatus":"VERIFIED"},"timestamp":1766028252879,"sessionId":"debug-session","hypothesisId":"C"}
{"location":"index.html:WS_MESSAGE","message":"WebSocket message received","data":{"type":"new_event","eventStatus":"VERIFIED"},"timestamp":1766028252882,"sessionId":"debug-session","hypothesisId":"C"}
{"location":"index.html:WS_MESSAGE","message":"WebSocket message received","data":{"type":"new_event","eventStatus":"VERIFIED"},"timestamp":1766028252885,"sessionId":"debug-session","hypothesisId":"C"}
{"location":"index.html:WS_MESSAGE","message":"WebSocket message received","data":{"type":"new_event","eventStatus":"VERIFIED"},"timestamp":1766028252887,"sessionId":"debug-session","hypothesisId":"C"}
{"location":"index.html:WS_MESSAGE","message":"WebSocket message received","data":{"type":"new_event","eventStatus":"VERIFIED"},"timestamp":1766028252889,"sessionId":"debug-session","hypothesisId":"C"}
{"location":"index.html:WS_MESSAGE","message":"WebSocket message received","data":{"type":"new_event","eventStatus":"VERIFIED"},"timestamp":1766028252890,"sessionId":"debug-session","hypothesisId":"C"}
{"location":"index.html:WS_MESSAGE","message":"WebSocket message received","data":{"type":"new_event","eventStatus":"VERIFIED"},"timestamp":1766028252892,"sessionId":"debug-session","hypothesisId":"C"}
{"location":"index.html:WS_MESSAGE","message":"WebSocket message received","data":{"type":"new_event","eventStatus":"VERIFIED"},"timestamp":1766028252893,"sessionId":"debug-session","hypothesisId":"C"}
{"location":"index.html:WS_MESSAGE","message":"WebSocket message received","data":{"type":"new_event","eventStatus":"VERIFIED"},"timestamp":1766028252894,"sessionId":"debug-session","hypothesisId":"C"}
{"location":"index.html:WS_MESSAGE","message":"WebSocket message received","data":{"type":"new_event","eventStatus":"VERIFIED"},"timestamp":1766028252895,"sessionId":"debug-session","hypothesisId":"C"}
{"location":"index.html:WS_MESSAGE","message":"WebSocket message received","data":{"type":"new_event","eventStatus":"VERIFIED"},"timestamp":1766028252896,"sessionId":"debug-session","hypothesisId":"C"}
{"location":"index.html:WS_MESSAGE","message":"WebSocket message received","data":{"type":"new_event","eventStatus":"VERIFIED"},"timestamp":1766028252907,"sessionId":"debug-session","hypothesisId":"C"}
{"location":"index.html:WS_MESSAGE","message":"WebSocket message received","data":{"type":"new_event","eventStatus":"VERIFIED"},"timestamp":1766028252908,"sessionId":"debug-session","hypothesisId":"C"}
{"location":"index.html:WS_MESSAGE","message":"WebSocket message received","data":{"type":"new_event","eventStatus":"VERIFIED"},"timestamp":1766028252909,"sessionId":"debug-session","hypothesisId":"C"}
{"location":"index.html:CLEAR_CLICK","message":"CLEAR button clicked - calling API","data":{"eventsCount":2},"timestamp":1766028254460,"sessionId":"debug-session","hypothesisId":"D"}
{"location":"index.html:WS_MESSAGE","message":"WebSocket message received","data":{"type":"stats_update"},"timestamp":1766028254607,"sessionId":"debug-session","hypothesisId":"C"}
{"location":"index.html:WS_MESSAGE","message":"WebSocket message received","data":{"type":"stats_update"},"timestamp":1766028254607,"sessionId":"debug-session","hypothesisId":"C"}
{"location":"index.html:WS_MESSAGE","message":"WebSocket message received","data":{"type":"events_cleared"},"timestamp":1766028254611,"sessionId":"debug-session","hypothesisId":"C"}
{"location":"index.html:WS_MESSAGE","message":"WebSocket message received","data":{"type":"events_cleared"},"timestamp":1766028254612,"sessionId":"debug-session","hypothesisId":"C"}
{"location":"index.html:CLEAR_API_RESPONSE","message":"API response received","data":{"success":true,"deletedCount":39},"timestamp":1766028254624,"sessionId":"debug-session","hypothesisId":"D"}
{"location":"index.html:WS_MESSAGE","message":"WebSocket message received","data":{"type":"status_update"},"timestamp":1766028257606,"sessionId":"debug-session","hypothesisId":"C"}
{"location":"index.html:WS_MESSAGE","message":"WebSocket message received","data":{"type":"stats_update"},"timestamp":1766028257635,"sessionId":"debug-session","hypothesisId":"C"}
{"location":"index.html:WS_MESSAGE","message":"WebSocket message received","data":{"type":"status_update"},"timestamp":1766028268817,"sessionId":"debug-session","hypothesisId":"C"}
{"location":"index.html:WS_MESSAGE","message":"WebSocket message received","data":{"type":"status_update"},"timestamp":1766028268817,"sessionId":"debug-session","hypothesisId":"C"}
{"location":"index.html:WS_MESSAGE","message":"WebSocket message received","data":{"type":"new_event","eventStatus":"NO_LICENSE"},"timestamp":1766028315838,"sessionId":"debug-session","hypothesisId":"C"}
{"location":"index.html:WS_MESSAGE","message":"WebSocket message received","data":{"type":"stats_update"},"timestamp":1766028315930,"sessionId":"debug-session","hypothesisId":"C"}
{"location":"index.html:WS_MESSAGE","message":"WebSocket message received","data":{"type":"new_event","eventStatus":"VERIFIED"},"timestamp":1766028317096,"sessionId":"debug-session","hypothesisId":"C"}
{"location":"index.html:WS_MESSAGE","message":"WebSocket message received","data":{"type":"stats_update"},"timestamp":1766028317126,"sessionId":"debug-session","hypothesisId":"C"}
{"location":"index.html:WS_MESSAGE","message":"WebSocket message received","data":{"type":"new_event","eventStatus":"VERIFIED"},"timestamp":1766028317145,"sessionId":"debug-session","hypothesisId":"C"}
{"location":"index.html:WS_MESSAGE","message":"WebSocket message received","data":{"type":"stats_update"},"timestamp":1766028317200,"sessionId":"debug-session","hypothesisId":"C"}
{"location":"index.html:WS_MESSAGE","message":"WebSocket message received","data":{"type":"new_event","eventStatus":"VERIFIED"},"timestamp":1766028317203,"sessionId":"debug-session","hypothesisId":"C"}
{"location":"index.html:WS_MESSAGE","message":"WebSocket message received","data":{"type":"stats_update"},"timestamp":1766028317204,"sessionId":"debug-session","hypothesisId":"C"}
{"location":"index.html:WS_MESSAGE","message":"WebSocket message received","data":{"type":"new_event","eventStatus":"VERIFIED"},"timestamp":1766028317244,"sessionId":"debug-session","hypothesisId":"C"}
{"location":"index.html:WS_MESSAGE","message":"WebSocket message received","data":{"type":"stats_update"},"timestamp":1766028317250,"sessionId":"debug-session","hypothesisId":"C"}
{"location":"index.html:WS_MESSAGE","message":"WebSocket message received","data":{"type":"new_event","eventStatus":"VERIFIED"},"timestamp":1766028317600,"sessionId":"debug-session","hypothesisId":"C"}
{"location":"index.html:WS_MESSAGE","message":"WebSocket message received","data":{"type":"stats_update"},"timestamp":1766028317605,"sessionId":"debug-session","hypothesisId":"C"}
{"location":"index.html:WS_MESSAGE","message":"WebSocket message received","data":{"type":"new_event","eventStatus":"VERIFIED"},"timestamp":1766028317717,"sessionId":"debug-session","hypothesisId":"C"}
{"location":"index.html:WS_MESSAGE","message":"WebSocket message received","data":{"type":"new_event","eventStatus":"VERIFIED"},"timestamp":1766028317740,"sessionId":"debug-session","hypothesisId":"C"}
{"location":"index.html:WS_MESSAGE","message":"WebSocket message received","data":{"type":"new_event","eventStatus":"VERIFIED"},"timestamp":1766028317749,"sessionId":"debug-session","hypothesisId":"C"}
{"location":"index.html:WS_MESSAGE","message":"WebSocket message received","data":{"type":"stats_update"},"timestamp":1766028317852,"sessionId":"debug-session","hypothesisId":"C"}
{"location":"index.html:WS_MESSAGE","message":"WebSocket message received","data":{"type":"stats_update"},"timestamp":1766028317885,"sessionId":"debug-session","hypothesisId":"C"}
{"location":"index.html:WS_MESSAGE","message":"WebSocket message received","data":{"type":"stats_update"},"timestamp":1766028317890,"sessionId":"debug-session","hypothesisId":"C"}
{"location":"index.html:WS_MESSAGE","message":"WebSocket message received","data":{"type":"new_event","eventStatus":"VERIFIED"},"timestamp":1766028317909,"sessionId":"debug-session","hypothesisId":"C"}
{"location":"index.html:WS_MESSAGE","message":"WebSocket message received","data":{"type":"stats_update"},"timestamp":1766028317914,"sessionId":"debug-session","hypothesisId":"C"}
{"location":"index.html:WS_MESSAGE","message":"WebSocket message received","data":{"type":"new_event","eventStatus":"VERIFIED"},"timestamp":1766028318036,"sessionId":"debug-session","hypothesisId":"C"}
{"location":"index.html:WS_MESSAGE","message":"WebSocket message received","data":{"type":"new_event","eventStatus":"VERIFIED"},"timestamp":1766028318041,"sessionId":"debug-session","hypothesisId":"C"}
{"location":"index.html:WS_MESSAGE","message":"WebSocket message received","data":{"type":"stats_update"},"timestamp":1766028318050,"sessionId":"debug-session","hypothesisId":"C"}
{"location":"index.html:WS_MESSAGE","message":"WebSocket message received","data":{"type":"stats_update"},"timestamp":1766028318109,"sessionId":"debug-session","hypothesisId":"C"}
{"location":"index.html:WS_MESSAGE","message":"WebSocket message received","data":{"type":"new_event","eventStatus":"VERIFIED"},"timestamp":1766028318215,"sessionId":"debug-session","hypothesisId":"C"}
{"location":"index.html:WS_MESSAGE","message":"WebSocket message received","data":{"type":"stats_update"},"timestamp":1766028318224,"sessionId":"debug-session","hypothesisId":"C"}
{"location":"index.html:WS_MESSAGE","message":"WebSocket message received","data":{"type":"new_event","eventStatus":"VERIFIED"},"timestamp":1766028318369,"sessionId":"debug-session","hypothesisId":"C"}
{"location":"index.html:WS_MESSAGE","message":"WebSocket message received","data":{"type":"new_event","eventStatus":"VERIFIED"},"timestamp":1766028318376,"sessionId":"debug-session","hypothesisId":"C"}
{"location":"index.html:WS_MESSAGE","message":"WebSocket message received","data":{"type":"stats_update"},"timestamp":1766028318376,"sessionId":"debug-session","hypothesisId":"C"}
{"location":"index.html:WS_MESSAGE","message":"WebSocket message received","data":{"type":"stats_update"},"timestamp":1766028318377,"sessionId":"debug-session","hypothesisId":"C"}
{"location":"index.html:WS_MESSAGE","message":"WebSocket message received","data":{"type":"new_event","eventStatus":"VERIFIED"},"timestamp":1766028318378,"sessionId":"debug-session","hypothesisId":"C"}
{"location":"index.html:WS_MESSAGE","message":"WebSocket message received","data":{"type":"stats_update"},"timestamp":1766028318379,"sessionId":"debug-session","hypothesisId":"C"}
{"location":"index.html:WS_MESSAGE","message":"WebSocket message received","data":{"type":"new_event","eventStatus":"VERIFIED"},"timestamp":1766028318460,"sessionId":"debug-session","hypothesisId":"C"}
{"location":"index.html:WS_MESSAGE","message":"WebSocket message received","data":{"type":"stats_update"},"timestamp":1766028318471,"sessionId":"debug-session","hypothesisId":"C"}
{"location":"index.html:WS_MESSAGE","message":"WebSocket message received","data":{"type":"new_event","eventStatus":"VERIFIED"},"timestamp":1766028318504,"sessionId":"debug-session","hypothesisId":"C"}
{"location":"index.html:WS_MESSAGE","message":"WebSocket message received","data":{"type":"stats_update"},"timestamp":1766028318664,"sessionId":"debug-session","hypothesisId":"C"}
{"location":"index.html:WS_MESSAGE","message":"WebSocket message received","data":{"type":"new_event","eventStatus":"VERIFIED"},"timestamp":1766028319468,"sessionId":"debug-session","hypothesisId":"C"}
{"location":"index.html:WS_MESSAGE","message":"WebSocket message received","data":{"type":"stats_update"},"timestamp":1766028319477,"sessionId":"debug-session","hypothesisId":"C"}
{"location":"index.html:WS_MESSAGE","message":"WebSocket message received","data":{"type":"new_event","eventStatus":"VERIFIED"},"timestamp":1766028320968,"sessionId":"debug-session","hypothesisId":"C"}
{"location":"index.html:WS_MESSAGE","message":"WebSocket message received","data":{"type":"stats_update"},"timestamp":1766028320973,"sessionId":"debug-session","hypothesisId":"C"}
{"location":"index.html:WS_MESSAGE","message":"WebSocket message received","data":{"type":"new_event","eventStatus":"FAKE_PLATE"},"timestamp":1766028321425,"sessionId":"debug-session","hypothesisId":"C"}
{"location":"index.html:WS_MESSAGE","message":"WebSocket message received","data":{"type":"stats_update"},"timestamp":1766028321485,"sessionId":"debug-session","hypothesisId":"C"}
{"location":"index.html:WS_MESSAGE","message":"WebSocket message received","data":{"type":"new_event","eventStatus":"FAKE_PLATE"},"timestamp":1766028321645,"sessionId":"debug-session","hypothesisId":"C"}
{"location":"index.html:WS_MESSAGE","message":"WebSocket message received","data":{"type":"stats_update"},"timestamp":1766028321652,"sessionId":"debug-session","hypothesisId":"C"}
{"location":"index.html:WS_MESSAGE","message":"WebSocket message received","data":{"type":"new_event","eventStatus":"VERIFIED"},"timestamp":1766028321759,"sessionId":"debug-session","hypothesisId":"C"}
{"location":"index.html:WS_MESSAGE","message":"WebSocket message received","data":{"type":"stats_update"},"timestamp":1766028321765,"sessionId":"debug-session","hypothesisId":"C"}
{"location":"index.html:WS_MESSAGE","message":"WebSocket message received","data":{"type":"new_event","eventStatus":"VERIFIED"},"timestamp":1766028321828,"sessionId":"debug-session","hypothesisId":"C"}
{"location":"index.html:WS_MESSAGE","message":"WebSocket message received","data":{"type":"stats_update"},"timestamp":1766028321834,"sessionId":"debug-session","hypothesisId":"C"}
{"location":"index.html:WS_MESSAGE","message":"WebSocket message received","data":{"type":"new_event","eventStatus":"VERIFIED"},"timestamp":1766028322081,"sessionId":"debug-session","hypothesisId":"C"}
{"location":"index.html:WS_MESSAGE","message":"WebSocket message received","data":{"type":"stats_update"},"timestamp":1766028322091,"sessionId":"debug-session","hypothesisId":"C"}
{"location":"index.html:WS_MESSAGE","message":"WebSocket message received","data":{"type":"new_event","eventStatus":"ALERT"},"timestamp":1766028323218,"sessionId":"debug-session","hypothesisId":"C"}
{"location":"index.html:WS_MESSAGE","message":"WebSocket message received","data":{"type":"stats_update"},"timestamp":1766028323227,"sessionId":"debug-session","hypothesisId":"C"}
{"location":"index.html:WS_MESSAGE","message":"WebSocket message received","data":{"type":"new_event","eventStatus":"VERIFIED"},"timestamp":1766028323696,"sessionId":"debug-session","hypothesisId":"C"}
{"location":"index.html:WS_MESSAGE","message":"WebSocket message received","data":{"type":"new_event","eventStatus":"VERIFIED"},"timestamp":1766028323706,"sessionId":"debug-session","hypothesisId":"C"}
{"location":"index.html:WS_MESSAGE","message":"WebSocket message received","data":{"type":"stats_update"},"timestamp":1766028323716,"sessionId":"debug-session","hypothesisId":"C"}
{"location":"index.html:WS_MESSAGE","message":"WebSocket message received","data":{"type":"stats_update"},"timestamp":1766028323747,"sessionId":"debug-session","hypothesisId":"C"}
{"location":"index.html:WS_MESSAGE","message":"WebSocket message received","data":{"type":"stats_update"},"timestamp":1766028703703,"sessionId":"debug-session","hypothesisId":"C"}
